Removed Pin From Net: NetName=3V3_EXT Pin=P1-1
Removed Pin From Net: NetName=SCL_DBG Pin=P1-3
Removed Pin From Net: NetName=SDA_DBG Pin=P1-4
Removed Pin From Net: NetName=3V2_VOUT Pin=R2-1
Removed Pin From Net: NetName=3V3_EXT Pin=R2-2
Removed Pin From Net: NetName=SCL Pin=R4-1
Removed Pin From Net: NetName=SCL_DBG Pin=R4-2
Removed Pin From Net: NetName=SDA Pin=R5-1
Removed Pin From Net: NetName=SDA_DBG Pin=R5-2
Change Component Comment : Designator=R2 Old Comment=0R New Comment=0R DNI
Added Pin To Net: NetName=SCL_DBG Pin=P1-1
Added Pin To Net: NetName=SDA_DBG Pin=P1-3
Added Pin To Net: NetName=3V3_EXT Pin=P1-4
Added Pin To Net: NetName=SCL Pin=R2-1
Added Pin To Net: NetName=SCL_DBG Pin=R2-2
Added Pin To Net: NetName=SDA Pin=R4-1
Added Pin To Net: NetName=SDA_DBG Pin=R4-2
Added Pin To Net: NetName=3V2_VOUT Pin=R5-1
Added Pin To Net: NetName=3V3_EXT Pin=R5-2
Added Room: Name=NFC
